<?xml version="1.0" encoding="UTF-8"?>
<!-- Generated by org.testng.reporters.JUnitXMLReporter -->
<testsuite ignored="0" hostname="LAPTOP-D04QN8TD" failures="0" tests="10" name="Default test" time="74.608" errors="0" timestamp="2023-09-17T14:38:51 IST">
  <testcase classname="TestNG.DataProvider_TenByTwoExample" name="testcase" time="12.472"/>
  <testcase classname="TestNG.DataProvider_TenByTwoExample" name="testcase" time="7.81"/>
  <testcase classname="TestNG.DataProvider_TenByTwoExample" name="testcase" time="7.125"/>
  <testcase classname="TestNG.DataProvider_TenByTwoExample" name="testcase" time="8.77"/>
  <testcase classname="TestNG.DataProvider_TenByTwoExample" name="testcase" time="6.667"/>
  <testcase classname="TestNG.DataProvider_TenByTwoExample" name="testcase" time="6.389"/>
  <testcase classname="TestNG.DataProvider_TenByTwoExample" name="testcase" time="6.204"/>
  <testcase classname="TestNG.DataProvider_TenByTwoExample" name="testcase" time="6.568"/>
  <testcase classname="TestNG.DataProvider_TenByTwoExample" name="testcase" time="6.194"/>
  <testcase classname="TestNG.DataProvider_TenByTwoExample" name="testcase" time="6.302"/>
</testsuite> <!-- Default test -->
