<?xml version="1.0" encoding="UTF-8"?>
<!-- Generated by org.testng.reporters.JUnitXMLReporter -->
<testsuite ignored="7" hostname="LAPTOP-D04QN8TD" failures="0" tests="3" name="Test" time="0.1" errors="0" timestamp="2023-08-26T19:52:04 IST">
  <testcase classname="TestNG.Grouping_TestNG" name="testcase1" time="0.013"/>
  <testcase classname="TestNG.Grouping_TestNG" name="testcase2" time="0.003"/>
  <testcase classname="TestNG.Grouping_TestNG" name="testcase7" time="0.003"/>
  <testcase classname="TestNG.Grouping_TestNG" name="testcase6" time="0.0">
    <ignored/>
  </testcase> <!-- testcase6 -->
  <testcase classname="TestNG.Grouping_TestNG" name="testcase10" time="0.0">
    <ignored/>
  </testcase> <!-- testcase10 -->
  <testcase classname="TestNG.Grouping_TestNG" name="testcase5" time="0.0">
    <ignored/>
  </testcase> <!-- testcase5 -->
  <testcase classname="TestNG.Grouping_TestNG" name="testcase4" time="0.0">
    <ignored/>
  </testcase> <!-- testcase4 -->
  <testcase classname="TestNG.Grouping_TestNG" name="testcase3" time="0.0">
    <ignored/>
  </testcase> <!-- testcase3 -->
  <testcase classname="TestNG.Grouping_TestNG" name="testcase9" time="0.0">
    <ignored/>
  </testcase> <!-- testcase9 -->
  <testcase classname="TestNG.Grouping_TestNG" name="testcase8" time="0.0">
    <ignored/>
  </testcase> <!-- testcase8 -->
</testsuite> <!-- Test -->
