<?xml version="1.0" encoding="UTF-8"?>
<!-- Generated by org.testng.reporters.JUnitXMLReporter -->
<testsuite ignored="0" hostname="LAPTOP-D04QN8TD" failures="0" tests="5" name="Screenshot Test" time="229.147" errors="0" timestamp="2023-09-01T20:40:13 IST">
  <testcase classname="amazontest.TestCase4" name="bookingtheproductusingEMI" time="35.992"/>
  <testcase classname="amazontest.TestCase5" name="bookingtheproductusingCREDITCARD" time="37.51"/>
  <testcase classname="amazontest.TestCase2" name="bookingtheproductusingUPI" time="36.042"/>
  <testcase classname="amazontest.TestCase3" name="bookingtheproductusingNETBANKING" time="36.817"/>
  <testcase classname="amazontest.TestCase1" name="bookingtheproductusingCOD" time="39.298"/>
</testsuite> <!-- Screenshot Test -->
