<?xml version="1.0" encoding="UTF-8"?>
<testng-results ignored="0" total="10" passed="10" failed="0" skipped="0">
  <reporter-output>
  </reporter-output>
  <suite started-at="2023-09-17T14:37:36 IST" name="Default suite" finished-at="2023-09-17T14:38:51 IST" duration-ms="74608">
    <groups>
    </groups>
    <test started-at="2023-09-17T14:37:36 IST" name="Default test" finished-at="2023-09-17T14:38:51 IST" duration-ms="74608">
      <class name="TestNG.DataProvider_TenByTwoExample">
        <test-method signature="testcase(java.lang.String,java.lang.String)[pri:0, instance:TestNG.DataProvider_TenByTwoExample@19e4653c]" started-at="2023-09-17T14:37:36 IST" name="testcase" data-provider="Std_Details" finished-at="2023-09-17T14:37:49 IST" duration-ms="12472" status="PASS">
          <params>
            <param index="0">
              <value>
                <![CDATA[Ram]]>
              </value>
            </param>
            <param index="1">
              <value>
                <![CDATA[51]]>
              </value>
            </param>
          </params>
          <reporter-output>
          </reporter-output>
        </test-method> <!-- testcase -->
        <test-method signature="testcase(java.lang.String,java.lang.String)[pri:0, instance:TestNG.DataProvider_TenByTwoExample@19e4653c]" started-at="2023-09-17T14:37:49 IST" name="testcase" data-provider="Std_Details" finished-at="2023-09-17T14:37:57 IST" duration-ms="7810" status="PASS">
          <params>
            <param index="0">
              <value>
                <![CDATA[Sita]]>
              </value>
            </param>
            <param index="1">
              <value>
                <![CDATA[39]]>
              </value>
            </param>
          </params>
          <reporter-output>
          </reporter-output>
        </test-method> <!-- testcase -->
        <test-method signature="testcase(java.lang.String,java.lang.String)[pri:0, instance:TestNG.DataProvider_TenByTwoExample@19e4653c]" started-at="2023-09-17T14:37:57 IST" name="testcase" data-provider="Std_Details" finished-at="2023-09-17T14:38:04 IST" duration-ms="7125" status="PASS">
          <params>
            <param index="0">
              <value>
                <![CDATA[laxman]]>
              </value>
            </param>
            <param index="1">
              <value>
                <![CDATA[30]]>
              </value>
            </param>
          </params>
          <reporter-output>
          </reporter-output>
        </test-method> <!-- testcase -->
        <test-method signature="testcase(java.lang.String,java.lang.String)[pri:0, instance:TestNG.DataProvider_TenByTwoExample@19e4653c]" started-at="2023-09-17T14:38:04 IST" name="testcase" data-provider="Std_Details" finished-at="2023-09-17T14:38:13 IST" duration-ms="8770" status="PASS">
          <params>
            <param index="0">
              <value>
                <![CDATA[Rucha]]>
              </value>
            </param>
            <param index="1">
              <value>
                <![CDATA[27]]>
              </value>
            </param>
          </params>
          <reporter-output>
          </reporter-output>
        </test-method> <!-- testcase -->
        <test-method signature="testcase(java.lang.String,java.lang.String)[pri:0, instance:TestNG.DataProvider_TenByTwoExample@19e4653c]" started-at="2023-09-17T14:38:13 IST" name="testcase" data-provider="Std_Details" finished-at="2023-09-17T14:38:19 IST" duration-ms="6667" status="PASS">
          <params>
            <param index="0">
              <value>
                <![CDATA[Chinmay]]>
              </value>
            </param>
            <param index="1">
              <value>
                <![CDATA[32]]>
              </value>
            </param>
          </params>
          <reporter-output>
          </reporter-output>
        </test-method> <!-- testcase -->
        <test-method signature="testcase(java.lang.String,java.lang.String)[pri:0, instance:TestNG.DataProvider_TenByTwoExample@19e4653c]" started-at="2023-09-17T14:38:19 IST" name="testcase" data-provider="Std_Details" finished-at="2023-09-17T14:38:26 IST" duration-ms="6389" status="PASS">
          <params>
            <param index="0">
              <value>
                <![CDATA[Smita]]>
              </value>
            </param>
            <param index="1">
              <value>
                <![CDATA[31]]>
              </value>
            </param>
          </params>
          <reporter-output>
          </reporter-output>
        </test-method> <!-- testcase -->
        <test-method signature="testcase(java.lang.String,java.lang.String)[pri:0, instance:TestNG.DataProvider_TenByTwoExample@19e4653c]" started-at="2023-09-17T14:38:26 IST" name="testcase" data-provider="Std_Details" finished-at="2023-09-17T14:38:32 IST" duration-ms="6204" status="PASS">
          <params>
            <param index="0">
              <value>
                <![CDATA[Kaustubh]]>
              </value>
            </param>
            <param index="1">
              <value>
                <![CDATA[31]]>
              </value>
            </param>
          </params>
          <reporter-output>
          </reporter-output>
        </test-method> <!-- testcase -->
        <test-method signature="testcase(java.lang.String,java.lang.String)[pri:0, instance:TestNG.DataProvider_TenByTwoExample@19e4653c]" started-at="2023-09-17T14:38:32 IST" name="testcase" data-provider="Std_Details" finished-at="2023-09-17T14:38:39 IST" duration-ms="6568" status="PASS">
          <params>
            <param index="0">
              <value>
                <![CDATA[Reema]]>
              </value>
            </param>
            <param index="1">
              <value>
                <![CDATA[52]]>
              </value>
            </param>
          </params>
          <reporter-output>
          </reporter-output>
        </test-method> <!-- testcase -->
        <test-method signature="testcase(java.lang.String,java.lang.String)[pri:0, instance:TestNG.DataProvider_TenByTwoExample@19e4653c]" started-at="2023-09-17T14:38:39 IST" name="testcase" data-provider="Std_Details" finished-at="2023-09-17T14:38:45 IST" duration-ms="6194" status="PASS">
          <params>
            <param index="0">
              <value>
                <![CDATA[Rahul]]>
              </value>
            </param>
            <param index="1">
              <value>
                <![CDATA[54]]>
              </value>
            </param>
          </params>
          <reporter-output>
          </reporter-output>
        </test-method> <!-- testcase -->
        <test-method signature="testcase(java.lang.String,java.lang.String)[pri:0, instance:TestNG.DataProvider_TenByTwoExample@19e4653c]" started-at="2023-09-17T14:38:45 IST" name="testcase" data-provider="Std_Details" finished-at="2023-09-17T14:38:51 IST" duration-ms="6302" status="PASS">
          <params>
            <param index="0">
              <value>
                <![CDATA[Priya]]>
              </value>
            </param>
            <param index="1">
              <value>
                <![CDATA[35]]>
              </value>
            </param>
          </params>
          <reporter-output>
          </reporter-output>
        </test-method> <!-- testcase -->
      </class> <!-- TestNG.DataProvider_TenByTwoExample -->
    </test> <!-- Default test -->
  </suite> <!-- Default suite -->
</testng-results>
