<?xml version="1.0" encoding="UTF-8"?>
<!-- Generated by org.testng.reporters.JUnitXMLReporter -->
<testsuite ignored="0" hostname="LAPTOP-D04QN8TD" failures="0" tests="5" name="Amazon Test - Select First Mobile with all payment options - 5 test case" time="244.964" errors="0" timestamp="2023-08-25T17:53:00 IST">
  <testcase classname="amazontest.TestCase1" name="bookingtheproductusingCOD" time="46.059"/>
  <testcase classname="amazontest.TestCase2" name="bookingtheproductusingUPI" time="38.968"/>
  <testcase classname="amazontest.TestCase3" name="bookingtheproductusingNETBANKING" time="36.768"/>
  <testcase classname="amazontest.TestCase4" name="bookingtheproductusingEMI" time="41.471"/>
  <testcase classname="amazontest.TestCase5" name="bookingtheproductusingCREDITCARD" time="44.237"/>
</testsuite> <!-- Amazon Test - Select First Mobile with all payment options - 5 test case -->
